*design* DebussyLib (btIdent Verdi_T-2022.06)
Command arguments:
    +define+verilog
    -sv
    -f rtl_list.f
        ../rtl/chien_consts_pkg_rtl.svh
        ../rtl/gf1024_mul_pb_k5_flat.v
        ../rtl/sync_fifo_ram.sv
        ../rtl/sync_fifo.sv
        ../rtl/sync_bypass_fifo.sv
        ../rtl/round_robin.sv
        ../rtl/round_robin_core.sv
        ../rtl/round_robin_32.sv
        ../rtl/forney_control.sv
        ../rtl/forney_pipe_s1.sv
        ../rtl/forney_pipe_s2.sv
        ../rtl/forney.sv
        ../rtl/chien_search_rtl.sv
        ../rtl/chien_search_forney.sv
    -f sim_list.f
        ../testbench/tb_round_robin_32.sv
        ../testbench/tb_sync_bypass_fifo.sv
        ../testbench/tb_forney_control.sv
        ../testbench/tb_forney_control_rand.sv
        ../testbench/tb_chien_search_forney.sv


*Error* Syntax error at localparam
"../rtl/chien_search_forney.sv", 16: 

*Error* Syntax error at localparam
"../rtl/chien_search_forney.sv", 17: 

*Error* Syntax error at parameter
"../rtl/chien_search_forney.sv", 20: 

*Error* Syntax error at parameter
"../rtl/chien_search_forney.sv", 24: 

*Error* Syntax error at )
"../rtl/chien_search_forney.sv", 25: 

*Error* failed to find symbol 'clk_i'
"../rtl/chien_search_forney.sv", 26: 

*Error* Syntax error at input
"../rtl/chien_search_forney.sv", 27: 

*Error* failed to find symbol 'flush_i'
"../rtl/chien_search_forney.sv", 28: 

*Error* Syntax error at input
"../rtl/chien_search_forney.sv", 32: 

*Error* failed to find symbol 'sigma_valid_i'
"../rtl/chien_search_forney.sv", 33: 

*Error* Syntax error at input
"../rtl/chien_search_forney.sv", 35: 

*Error* failed to find symbol 'ribm_valid_i'
"../rtl/chien_search_forney.sv", 36: 

*Error* Syntax error at input
"../rtl/chien_search_forney.sv", 39: 

*Error* failed to find symbol 'chien_busy_o'
"../rtl/chien_search_forney.sv", 40: 

*Error* Syntax error at output
"../rtl/chien_search_forney.sv", 41: 

*Error* failed to find symbol 'forney_s3_rdy_i'
"../rtl/chien_search_forney.sv", 44: 

*Error* Syntax error at output
"../rtl/chien_search_forney.sv", 45: 

*Error* failed to find symbol 'forney_pos_o'
"../rtl/chien_search_forney.sv", 46: 

*Error* Syntax error at output
"../rtl/chien_search_forney.sv", 47: 

*Error* failed to find symbol 'forney_den_zero_o'
"../rtl/chien_search_forney.sv", 48: 

*Error* Syntax error at output
"../rtl/chien_search_forney.sv", 51: 

*Error* failed to find symbol 'chien_dbg_pos_bus_o'
"../rtl/chien_search_forney.sv", 52: 

*Error* Syntax error at output
"../rtl/chien_search_forney.sv", 53: 

*Error* Syntax error at )
"../rtl/chien_search_forney.sv", 54: 
Highest level modules:
gf1024_mul_const
sync_fifo
round_robin
tb_round_robin_32
tb_sync_bypass_fifo
tb_forney_control
forney_control_tb
tb_chien_search_forney_ref


*Error* view axicb_round_robin_core is not defined for instance rr_p0
"../rtl/round_robin.sv", 85: 

*Error* failed to find port 'clk_i' for instance 'dut'
"../testbench/tb_chien_search_forney.sv", 71: 

*Error* failed to find port 'rst_ni' for instance 'dut'
"../testbench/tb_chien_search_forney.sv", 71: 

*Error* failed to find port 'flush_i' for instance 'dut'
"../testbench/tb_chien_search_forney.sv", 71: 

*Error* failed to find port 'sigma_low_i' for instance 'dut'
"../testbench/tb_chien_search_forney.sv", 72: 

*Error* failed to find port 'sigma_valid_i' for instance 'dut'
"../testbench/tb_chien_search_forney.sv", 72: 

*Error* failed to find port 'v_bus_i' for instance 'dut'
"../testbench/tb_chien_search_forney.sv", 73: 

*Error* failed to find port 'ribm_valid_i' for instance 'dut'
"../testbench/tb_chien_search_forney.sv", 73: 

*Error* failed to find port 'chien_start_i' for instance 'dut'
"../testbench/tb_chien_search_forney.sv", 74: 

*Error* failed to find port 'chien_busy_o' for instance 'dut'
"../testbench/tb_chien_search_forney.sv", 74: 

*Error* failed to find port 'chien_done_o' for instance 'dut'
"../testbench/tb_chien_search_forney.sv", 74: 

*Error* failed to find port 'forney_s3_rdy_i' for instance 'dut'
"../testbench/tb_chien_search_forney.sv", 75: 

*Error* failed to find port 'forney_vld_o' for instance 'dut'
"../testbench/tb_chien_search_forney.sv", 75: 

*Error* failed to find port 'forney_pos_o' for instance 'dut'
"../testbench/tb_chien_search_forney.sv", 76: 

*Error* failed to find port 'forney_y_o' for instance 'dut'
"../testbench/tb_chien_search_forney.sv", 76: 

*Error* failed to find port 'forney_den_zero_o' for instance 'dut'
"../testbench/tb_chien_search_forney.sv", 76: 

*Error* failed to find port 'chien_dbg_hit_mask_o' for instance 'dut'
"../testbench/tb_chien_search_forney.sv", 77: 

*Error* failed to find port 'chien_dbg_pos_bus_o' for instance 'dut'
"../testbench/tb_chien_search_forney.sv", 78: 

*Error* failed to find port 'chien_dbg_u_vec_o' for instance 'dut'
"../testbench/tb_chien_search_forney.sv", 79: 

*Warning* Failed to find the specified instance parameter EVT_FIFO_AW in the master chien_search_forney
"../testbench/tb_chien_search_forney.sv", 70: 

*Warning* Failed to find the specified instance parameter DEBUG_EN in the master chien_search_forney
"../testbench/tb_chien_search_forney.sv", 70: 
Total	43 error(s),   2 warning(s)
