#######################################################################################
# log primitive debug message of FSDB dumping                                         #
# This is for R&D to analyze when there are issues happening when FSDB dump           #
#######################################################################################
ANF: vcsd_get_serial_mode_status('simv: undefined symbol: vcsd_get_serial_mode_status')
ANF: vcsd_enable_sva_success_callback('simv: undefined symbol: vcsd_enable_sva_success_callback')
ANF: vcsd_disable_sva_success_callback('simv: undefined symbol: vcsd_disable_sva_success_callback')
ANF: vcsd_get_power_scope_name('simv: undefined symbol: vcsd_get_power_scope_name')
ANF: vcsd_begin_no_value_var_info('simv: undefined symbol: vcsd_begin_no_value_var_info')
ANF: vcsd_end_no_value_var_info('simv: undefined symbol: vcsd_end_no_value_var_info')
ANF: vcsd_remove_xprop_merge_mode_callback('simv: undefined symbol: vcsd_remove_xprop_merge_mode_callback')
ANF: vhpi_get_cb_info('simv: undefined symbol: vhpi_get_cb_info')
ANF: vhpi_free_handle('simv: undefined symbol: vhpi_free_handle')
ANF: vhpi_fetch_vcsd_handle('simv: undefined symbol: vhpi_fetch_vcsd_handle')
ANF: vhpi_fetch_vpi_handle('simv: undefined symbol: vhpi_fetch_vpi_handle')
ANF: vhpi_has_verilog_parent('simv: undefined symbol: vhpi_has_verilog_parent')
ANF: vhpi_is_verilog_scope('simv: undefined symbol: vhpi_is_verilog_scope')
ANF: scsd_xprop_is_enabled('simv: undefined symbol: scsd_xprop_is_enabled')
ANF: scsd_xprop_sig_is_promoted('simv: undefined symbol: scsd_xprop_sig_is_promoted')
ANF: scsd_xprop_int_xvalue('simv: undefined symbol: scsd_xprop_int_xvalue')
ANF: scsd_xprop_bool_xvalue('simv: undefined symbol: scsd_xprop_bool_xvalue')
ANF: scsd_xprop_enum_xvalue('simv: undefined symbol: scsd_xprop_enum_xvalue')
ANF: scsd_xprop_register_merge_mode_cb('simv: undefined symbol: scsd_xprop_register_merge_mode_cb')
ANF: scsd_xprop_delete_merge_mode_cb('simv: undefined symbol: scsd_xprop_delete_merge_mode_cb')
ANF: scsd_xprop_get_merge_mode('simv: undefined symbol: scsd_xprop_get_merge_mode')
ANF: scsd_thread_get_info('simv: undefined symbol: scsd_thread_get_info')
ANF: scsd_thread_vc_init('simv: undefined symbol: scsd_thread_vc_init')
ANF: scsd_master_set_delta_sync_cbk('simv: undefined symbol: scsd_master_set_delta_sync_cbk')
ANF: scsd_fgp_get_fsdb_cores('simv: undefined symbol: scsd_fgp_get_fsdb_cores')
ANF: scsd_fgp_get_is_cpu_affinity_disabled('simv: undefined symbol: scsd_fgp_get_is_cpu_affinity_disabled')
ANF: vhdi_dt_get_type('simv: undefined symbol: vhdi_dt_get_type')
ANF: vhdi_dt_get_key('simv: undefined symbol: vhdi_dt_get_key')
ANF: vhdi_dt_get_vhdl_enum_info('simv: undefined symbol: vhdi_dt_get_vhdl_enum_info')
ANF: vhdi_dt_get_vhdl_physical_info('simv: undefined symbol: vhdi_dt_get_vhdl_physical_info')
ANF: vhdi_dt_get_vhdl_array_info('simv: undefined symbol: vhdi_dt_get_vhdl_array_info')
ANF: vhdi_dt_get_vhdl_record_info('simv: undefined symbol: vhdi_dt_get_vhdl_record_info')
ANF: vhdi_def_traverse_module('simv: undefined symbol: vhdi_def_traverse_module')
ANF: vhdi_def_traverse_scope('simv: undefined symbol: vhdi_def_traverse_scope')
ANF: vhdi_def_traverse_variable('simv: undefined symbol: vhdi_def_traverse_variable')
ANF: vhdi_def_get_module_id_by_vhpi('simv: undefined symbol: vhdi_def_get_module_id_by_vhpi')
ANF: vhdi_def_get_handle_by_module_id('simv: undefined symbol: vhdi_def_get_handle_by_module_id')
ANF: vhdi_def_get_variable_info_by_vhpi('simv: undefined symbol: vhdi_def_get_variable_info_by_vhpi')
ANF: vhdi_def_free('simv: undefined symbol: vhdi_def_free')
ANF: vhdi_ist_traverse_scope('simv: undefined symbol: vhdi_ist_traverse_scope')
ANF: vhdi_ist_traverse_variable('simv: undefined symbol: vhdi_ist_traverse_variable')
ANF: vhdi_ist_convert_by_vhpi('simv: undefined symbol: vhdi_ist_convert_by_vhpi')
ANF: vhdi_ist_clone('simv: undefined symbol: vhdi_ist_clone')
ANF: vhdi_ist_free('simv: undefined symbol: vhdi_ist_free')
ANF: vhdi_ist_hash_key('simv: undefined symbol: vhdi_ist_hash_key')
ANF: vhdi_ist_compare('simv: undefined symbol: vhdi_ist_compare')
ANF: vhdi_ist_get_value_addr('simv: undefined symbol: vhdi_ist_get_value_addr')
ANF: vhdi_set_scsd_callback('simv: undefined symbol: vhdi_set_scsd_callback')
ANF: vhdi_cbk_set_force_callback('simv: undefined symbol: vhdi_cbk_set_force_callback')
ANF: vhdi_trigger_init_force('simv: undefined symbol: vhdi_trigger_init_force')
ANF: vhdi_ist_check_scsd_callback('simv: undefined symbol: vhdi_ist_check_scsd_callback')
ANF: vhdi_ist_add_scsd_callback('simv: undefined symbol: vhdi_ist_add_scsd_callback')
ANF: vhdi_ist_remove_scsd_callback('simv: undefined symbol: vhdi_ist_remove_scsd_callback')
ANF: vhdi_ist_get_scsd_user_data('simv: undefined symbol: vhdi_ist_get_scsd_user_data')
ANF: vhdi_add_time_change_callback('simv: undefined symbol: vhdi_add_time_change_callback')
ANF: vhdi_get_real_value_by_value_addr('simv: undefined symbol: vhdi_get_real_value_by_value_addr')
ANF: vhdi_get_64_value_by_value_addr('simv: undefined symbol: vhdi_get_64_value_by_value_addr')
ANF: vhdi_xprop_inst_is_promoted('simv: undefined symbol: vhdi_xprop_inst_is_promoted')
ANF: vdi_ist_convert_by_vhdi('simv: undefined symbol: vdi_ist_convert_by_vhdi')
ANF: vhdi_ist_get_module_id('simv: undefined symbol: vhdi_ist_get_module_id')
ANF: vhdi_refine_foreign_scope_type('simv: undefined symbol: vhdi_refine_foreign_scope_type')
ANF: vhdi_flush_callback('simv: undefined symbol: vhdi_flush_callback')
ANF: vhdi_set_orig_name('simv: undefined symbol: vhdi_set_orig_name')
ANF: vhdi_set_dump_pt('simv: undefined symbol: vhdi_set_dump_pt')
ANF: vhdi_get_fsdb_option('simv: undefined symbol: vhdi_get_fsdb_option')
ANF: vhdi_fgp_get_mode('simv: undefined symbol: vhdi_fgp_get_mode')
ANF: vhdi_node_register_composite_var('simv: undefined symbol: vhdi_node_register_composite_var')
ANF: vhdi_node_analysis('simv: undefined symbol: vhdi_node_analysis')
ANF: vhdi_node_id('simv: undefined symbol: vhdi_node_id')
ANF: vhdi_node_ist_check_scsd_callback('simv: undefined symbol: vhdi_node_ist_check_scsd_callback')
ANF: vhdi_node_ist_add_scsd_callback('simv: undefined symbol: vhdi_node_ist_add_scsd_callback')
ANF: vhdi_node_ist_get_value_addr('simv: undefined symbol: vhdi_node_ist_get_value_addr')
ANF: vhdi_enc_def_traverse_module('simv: undefined symbol: vhdi_enc_def_traverse_module')
ANF: vhdi_enc_def_traverse_scope('simv: undefined symbol: vhdi_enc_def_traverse_scope')
ANF: vhdi_enc_def_traverse_variable('simv: undefined symbol: vhdi_enc_def_traverse_variable')
ANF: vhdi_enc_ist_traverse_scope('simv: undefined symbol: vhdi_enc_ist_traverse_scope')
ANF: vhdi_enc_ist_traverse_variable('simv: undefined symbol: vhdi_enc_ist_traverse_variable')
ANF: vhdi_enc_ist_get_module_id('simv: undefined symbol: vhdi_enc_ist_get_module_id')
ANF: vhdi_enc_def_get_handle_by_module_id('simv: undefined symbol: vhdi_enc_def_get_handle_by_module_id')
VCS compile option:
 option[0]: simv
 option[1]: +v2k
 option[2]: +notimingcheck
 option[3]: +nospecify
 option[4]: +vcs+flush+all
 option[5]: +lint=TFIPC-L
 option[6]: -a
 option[7]: compile.log
 option[8]: +fsdb+autoflush+plusargs
 option[9]: -a
 option[10]: run.log
 option[11]: /opt/synopsys/vcs_2022.06/T-2022.06/linux64/bin/vcs1
 option[12]: -Mcc=gcc
 option[13]: -Mcplusplus=g++
 option[14]: -Masflags=
 option[15]: -Mcfl= -pipe -fPIC -O -I/opt/synopsys/vcs_2022.06/T-2022.06/include 
 option[16]: -Mxllcflags=
 option[17]: -Mxcflags= -pipe -fPIC -I/opt/synopsys/vcs_2022.06/T-2022.06/include
 option[18]: -Mldflags= -rdynamic 
 option[19]: -Mout=simv
 option[20]: -Mamsrun=
 option[21]: -Mvcsaceobjs=
 option[22]: -Mobjects= /opt/synopsys/vcs_2022.06/T-2022.06/linux64/lib/libvirsim.so /opt/synopsys/vcs_2022.06/T-2022.06/linux64/lib/liberrorinf.so /opt/synopsys/vcs_2022.06/T-2022.06/linux64/lib/libsnpsmalloc.so /opt/synopsys/vcs_2022.06/T-2022.06/linux64/lib/libvfs.so /opt/synopsys/verdi_2022.06/T-2022.06/share/PLI/VCS/LINUX64/pli.a 
 option[23]: -Mexternalobj=
 option[24]: -Msaverestoreobj=/opt/synopsys/vcs_2022.06/T-2022.06/linux64/lib/vcs_save_restore_new.o
 option[25]: -Mcrt0=
 option[26]: -Mcrtn=
 option[27]: -Mcsrc=
 option[28]: -Msyslibs=/opt/synopsys/verdi_2022.06/T-2022.06/share/PLI/VCS/LINUX64/pli.a -ldl -lm 
 option[29]: -l
 option[30]: compile.log
 option[31]: -l
 option[32]: run.log
 option[33]: -Xvcs_run_simv=1
 option[34]: -full64
 option[35]: +v2k
 option[36]: -timescale=1ns/1ns
 option[37]: -debug_acc+all
 option[38]: +vpi
 option[39]: +vcsd1
 option[40]: +itf+/opt/synopsys/vcs_2022.06/T-2022.06/linux64/lib/vcsdp_lite.tab
 option[41]: -debug_region+cell+encrypt
 option[42]: +notimingcheck
 option[43]: +nospecify
 option[44]: +vcs+flush+all
 option[45]: +lint=TFIPC-L
 option[46]: -o
 option[47]: simv
 option[48]: -top
 option[49]: tb_rs_544_522_decoder_top
 option[50]: +delay_mode_path
 option[51]: -P
 option[52]: /opt/synopsys/verdi_2022.06/T-2022.06/share/PLI/VCS/LINUX64/novas.tab
 option[53]: +fsdb+autoflush+plusargs
 option[54]: -picarchive
 option[55]: -P
 option[56]: /opt/synopsys/verdi_2022.06/T-2022.06/share/PLI/VCS/LINUX64/verdi.tab
 option[57]: -fsdb
 option[58]: -sverilog
 option[59]: -gen_obj
 option[60]: -f
 option[61]: rtl_list.f
 option[62]: -f
 option[63]: sim_list.f
 option[64]: +incdir+../script
 option[65]: -load
 option[66]: /opt/synopsys/verdi_2022.06/T-2022.06/share/PLI/VCS/LINUX64/libnovas.so:FSDBDumpCmd
 option[67]: timescale=1ns/1ns
Chronologic Simulation VCS Release T-2022.06_Full64
Linux 3.10.0-1160.119.1.el7.x86_64 #1 SMP Tue Jun 4 14:43:51 UTC 2024 x86_64
CPU cores: 8
Limit information:
======================================
cputime		unlimited
filesize		unlimited
datasize		unlimited
stacksize		unlimited
coredumpsize		0 kbytes
memoryuse		unlimited
vmemoryuse		unlimited
descriptors		4096
memorylocked		64 kbytes
maxproc		4096
======================================
(Special)Runtime environment variables:

Runtime environment variables:
XDG_VTNR=1
INNOVUS_HOME=/opt/cadence/INNOVUS20.10
XDG_SESSION_ID=31
SSH_AGENT_PID=17772
HOSTNAME=EDA2035
UNAME=/bin/uname
IMSETTINGS_INTEGRATE_DESKTOP=yes
SCRNAME=vcs
MGC_FDI_OA_VERSION=22.60
VCS_DEPTH=0
TERM=xterm-256color
XDG_MENU_PREFIX=gnome-
VTE_VERSION=5204
SHELL=/bin/bash
USE_CALIBRE_VCO=aoj
HISTSIZE=1000
MAKEFLAGS=
redhawk_HOME=/opt/ansys/RedHawk_Linux64e7_V2021R2.3
GNOME_TERMINAL_SCREEN=/org/gnome/Terminal/screen/a694987b_1255_4b38_a5c2_55bd94cb62e1
CDS_LOAD_ENV=CSF
redhawk_LIC_HOME=/opt/ansys/RedHawk_Linux64e7_V2021R2.3/licensingclient
VCS_LOG_FILE=run.log
QTDIR=/usr/lib64/qt-3.3
QTINC=/usr/lib64/qt-3.3/include
LC_ALL=C
SNPS_VCS_INTERNAL_ROOT_PID=21474
IMSETTINGS_MODULE=none
QT_GRAPHICSSYSTEM_CHECKED=1
USER=EDA
LD_LIBRARY_PATH=/opt/synopsys/vcs_2022.06/T-2022.06/lib:/opt/synopsys/vcs_2022.06/T-2022.06/linux64/lib:/opt/ansys/RedHawk_Linux64e7_V2021R2.3/lib:/opt/cadence/IC618/tools.lnx86/lib/rpath/64bit:/opt/cadence/INNOVUS20.10/tools.lnx86/lib/64bit:/opt/cadence/INNOVUS20.10/tools.lnx86
LS_COLORS=rs=0:di=38;5;27:ln=38;5;51:mh=44;38;5;15:pi=40;38;5;11:so=38;5;13:do=38;5;5:bd=48;5;232;38;5;11:cd=48;5;232;38;5;3:or=48;5;232;38;5;9:mi=05;48;5;232;38;5;15:su=48;5;196;38;5;15:sg=48;5;11;38;5;16:ca=48;5;196;38;5;226:tw=48;5;10;38;5;16:ow=48;5;10;38;5;21:st=48;5;21;38;5;15:ex=38;5;34:*.tar=38;5;9:*.tgz=38;5;9:*.arc=38;5;9:*.arj=38;5;9:*.taz=38;5;9:*.lha=38;5;9:*.lz4=38;5;9:*.lzh=38;5;9:*.lzma=38;5;9:*.tlz=38;5;9:*.txz=38;5;9:*.tzo=38;5;9:*.t7z=38;5;9:*.zip=38;5;9:*.z=38;5;9:*.Z=38;5;9:*.dz=38;5;9:*.gz=38;5;9:*.lrz=38;5;9:*.lz=38;5;9:*.lzo=38;5;9:*.xz=38;5;9:*.bz2=38;5;9:*.bz=38;5;9:*.tbz=38;5;9:*.tbz2=38;5;9:*.tz=38;5;9:*.deb=38;5;9:*.rpm=38;5;9:*.jar=38;5;9:*.war=38;5;9:*.ear=38;5;9:*.sar=38;5;9:*.rar=38;5;9:*.alz=38;5;9:*.ace=38;5;9:*.zoo=38;5;9:*.cpio=38;5;9:*.7z=38;5;9:*.rz=38;5;9:*.cab=38;5;9:*.jpg=38;5;13:*.jpeg=38;5;13:*.gif=38;5;13:*.bmp=38;5;13:*.pbm=38;5;13:*.pgm=38;5;13:*.ppm=38;5;13:*.tga=38;5;13:*.xbm=38;5;13:*.xpm=38;5;13:*.tif=38;5;13:*.tiff=38;5;13:*.png=38;5;13:*.svg=38;5;13:*.svgz=38;5;13:*.mng=38;5;13:*.pcx=38;5;13:*.mov=38;5;13:*.mpg=38;5;13:*.mpeg=38;5;13:*.m2v=38;5;13:*.mkv=38;5;13:*.webm=38;5;13:*.ogm=38;5;13:*.mp4=38;5;13:*.m4v=38;5;13:*.mp4v=38;5;13:*.vob=38;5;13:*.qt=38;5;13:*.nuv=38;5;13:*.wmv=38;5;13:*.asf=38;5;13:*.rm=38;5;13:*.rmvb=38;5;13:*.flc=38;5;13:*.avi=38;5;13:*.fli=38;5;13:*.flv=38;5;13:*.gl=38;5;13:*.dl=38;5;13:*.xcf=38;5;13:*.xwd=38;5;13:*.yuv=38;5;13:*.cgm=38;5;13:*.emf=38;5;13:*.axv=38;5;13:*.anx=38;5;13:*.ogv=38;5;13:*.ogx=38;5;13:*.aac=38;5;45:*.au=38;5;45:*.flac=38;5;45:*.mid=38;5;45:*.midi=38;5;45:*.mka=38;5;45:*.mp3=38;5;45:*.mpc=38;5;45:*.ogg=38;5;45:*.ra=38;5;45:*.wav=38;5;45:*.axa=38;5;45:*.oga=38;5;45:*.spx=38;5;45:*.xspf=38;5;45:
GNOME_TERMINAL_SERVICE=:1.105
CONFRML_HOME=/opt/cadence/CONFRML222
SCRIPT_NAME=vcs
VCS_MX_HOME_INTERNAL=1
SSH_AUTH_SOCK=/run/user/1000/keyring/ssh
SNPS_VCS_CLANG_PATH=/opt/synopsys/vcs_2022.06/T-2022.06/linux64/clang
DVE_HOME=/opt/synopsys/vcs_2022.06/T-2022.06/gui/dve
MAKELEVEL=1
SESSION_MANAGER=local/unix:@/tmp/.ICE-unix/17636,unix/unix:/tmp/.ICE-unix/17636
APACHEDA_LICENSE_FILE=/opt/ansys/RedHawk_Linux64e7_V2021R2.3/licensingclient/license.txt
USERNAME=EDA
SNPSLMD_LICENSE_FILE=27100@EDA2035
VCS_USER_OPTIONS=-full64 -sverilog +v2k -timescale=1ns/1ns -debug_acc+all -debug_region+cell+encrypt +notimingcheck +nospecify +vcs+flush+all +lint=TFIPC-L -o simv -l compile.log -f rtl_list.f -f sim_list.f +incdir+../script -top tb_rs_544_522_decoder_top +delay_mode_path -P /opt/synopsys/verdi_2022.06/T-2022.06/share/PLI/VCS/LINUX64/novas.tab /opt/synopsys/verdi_2022.06/T-2022.06/share/PLI/VCS/LINUX64/pli.a -R +fsdb+autoflush+plusargs -l run.log
OVA_UUM=0
MFLAGS=
APACHEROOT=/opt/ansys/RedHawk_Linux64e7_V2021R2.3
VCS_MODE_FLAG=64
Virtuoso_HOME=/opt/cadence/IC618
VC_STATIC_HOME=/opt/synopsys/vc_static_2022.06/T-2022.06-SP2
GNOME_SHELL_SESSION_MODE=classic
STARRC_HOME=/opt/synopsys/starrc_2022.03/T-2022.03
MAIL=/var/spool/mail/EDA
PATH=.:/opt/ansys/RedHawk_Linux64e7_V2021R2.3/licensingclient:/opt/ansys/RedHawk_Linux64e7_V2021R2.3:/opt/ansys/RedHawk_Linux64e7_V2021R2.3/bin:/opt/cadence/IC618/tools/plot/bin:/opt/cadence/IC618/tools/iccraft/bin:/opt/cadence/IC618/tools/dracula/bin:/opt/cadence/IC618/tools/dfII/bin:/opt/cadence/IC618/tools/bin:/opt/cadence/IC618/share/bin:/opt/ansys/RedHawk_Linux64e7_V2021R2.3/licensingclient:/opt/ansys/RedHawk_Linux64e7_V2021R2.3:/opt/ansys/RedHawk_Linux64e7_V2021R2.3/bin:/opt/cadence/IC618/tools/plot/bin:/opt/cadence/IC618/tools/iccraft/bin:/opt/cadence/IC618/tools/dracula/bin:/opt/cadence/IC618/tools/dfII/bin:/opt/cadence/IC618/tools/bin:/opt/cadence/IC618/share/bin:/usr/lib64/qt-3.3/bin:/usr/local/bin:/usr/local/sbin:/usr/bin:/usr/sbin:/bin:/sbin:/opt/synopsys/scl_2021.03/2021.03/linux64/bin:/opt/synopsys/vcs_2022.06/T-2022.06/bin:/opt/synopsys/vcs_2022.06/T-2022.06/gui/dve/bin:/opt/synopsys/verdi_2022.06/T-2022.06/bin:/opt/synopsys/syn_2022.03/T-2022.03-SP2/bin:/opt/synopsys/prime_2022.03/T-2022.03/bin:/opt/synopsys/fm_2022.03/T-2022.03/bin:/opt/synopsys/icc2_2022.03/T-2022.03/bin:/bin:/opt/synopsys/spyglass_2022.06/T-2022.06-1/SPYGLASS_HOME/bin:/opt/synopsys/starrc_2022.03/T-2022.03/bin:/opt/synopsys/coretools_2022.06/T-2022.06/bin:/opt/synopsys/vc_static_2022.06/T-2022.06-SP2/bin:/opt/mentor/calibre2022.2/aoj_cal_2022.2_38.20/bin:/opt/mentor/tessent_2021_2/bin:/opt/cadence/INNOVUS20.10/tools.lnx86/bin:/opt/cadence/CONFRML222/bin:/opt/ansys/RedHawk_Linux64e7_V2021R2.3/bin:/home/EDA/.local/bin:/home/EDA/bin:/opt/synopsys/scl_2021.03/2021.03/linux64/bin:/opt/synopsys/vcs_2022.06/T-2022.06/bin:/opt/synopsys/vcs_2022.06/T-2022.06/gui/dve/bin:/opt/synopsys/verdi_2022.06/T-2022.06/bin:/opt/synopsys/syn_2022.03/T-2022.03-SP2/bin:/opt/synopsys/prime_2022.03/T-2022.03/bin:/opt/synopsys/fm_2022.03/T-2022.03/bin:/opt/synopsys/icc2_2022.03/T-2022.03/bin:/bin:/opt/synopsys/spyglass_2022.06/T-2022.06-1/SPYGLASS_HOME/bin:/opt/synopsys/starrc_2022.03/T-2022.03/bin:/opt/synopsys/coretools_2022.06/T-2022.06/bin:/opt/synopsys/vc_static_2022.06/T-2022.06-SP2/bin:/opt/mentor/calibre2022.2/aoj_cal_2022.2_38.20/bin:/opt/mentor/tessent_2021_2/bin:/opt/cadence/INNOVUS20.10/tools.lnx86/bin:/opt/cadence/CONFRML222/bin:/opt/ansys/RedHawk_Linux64e7_V2021R2.3/bin
DESKTOP_SESSION=gnome-classic
PT_HOME=/opt/synopsys/prime_2022.03/T-2022.03
QT_IM_MODULE=ibus
SNPS_VCS_INTERNAL_CURR_PID=21474
VERDI_HOME=/opt/synopsys/verdi_2022.06/T-2022.06
CALIBRE_HOME=/opt/mentor/calibre2022.2/aoj_cal_2022.2_38.20
PWD=/home/EDA/work/IEEE802_3_CZ/Hardware/RS_Decoder/pre_sim
XDG_SESSION_TYPE=x11
VCS_HOME=/opt/synopsys/vcs_2022.06/T-2022.06
XMODIFIERS=@im=ibus
SNPS_VCS_INTERNAL_MEMPRELOAD_USE_LIBC=1
SNPS_INTERNAL_VCS_LINUX_OS=linux
FM_HOME=/opt/synopsys/fm_2022.03/T-2022.03
LANG=zh_CN.UTF-8
GDM_LANG=zh_CN.UTF-8
KDEDIRS=/usr
OA_HOME=/opt/cadence/IC618/oa_v22.60.091
VMR_MODE_FLAG=64
TESSENT_HOME=/opt/mentor/tessent_2021_2
CDS_Netlisting_Mode=Analog
LM_LICENSE_FILE=/opt/synopsys/scl_2021.03/2021.03/admin/license/Synopsys.dat:/opt/cadence/license/license.bat
GDMSESSION=gnome-classic
HISTCONTROL=ignoredups
VCS_ARG_ADDED_FOR_TMP=1
SNPS_VCS_TMPDIR=/tmp/vcs_20251018131627_21474
SHLVL=3
XDG_SEAT=seat0
HOME=/home/EDA
ICC2_HOME=/opt/synopsys/icc2_2022.03/T-2022.03
CORETOOLS_HOME=/opt/synopsys/coretools_2022.06/T-2022.06
GNOME_DESKTOP_SESSION_ID=this-is-deprecated
MGC_LICENSE_FILE=/opt/mentor/license/license.dat
CDS_AUTO_64BIT=ALL
VCS_COM=/opt/synopsys/vcs_2022.06/T-2022.06/linux64/bin/vcs1
MGC_LIB_PATH=/opt/mentor/calibre2022.2/aoj_cal_2022.2_38.20/lib:/opt/mentor/tessent_2021_2/lnx-x86/lib64:/opt/mentor/tessent_2021_2/lnx-x86/bin64
DC_HOME=/opt/synopsys/syn_2022.03/T-2022.03-SP2
LOGNAME=EDA
XDG_SESSION_DESKTOP=gnome-classic
SPYGLASS_HOME=/opt/synopsys/spyglass_2022.06/T-2022.06-1/SPYGLASS_HOME
QTLIB=/usr/lib64/qt-3.3/lib
MGLS_LICENSE_FILE=/opt/mentor/license/license.dat
OA_PLUGIN_PATH=/opt/cadence/IC618/oa_v22.60.091/data/plugins
SNPS_VCS_INTERNAL_ROOT_START_TIME=1760793387.864174259
DBUS_SESSION_BUS_ADDRESS=unix:abstract=/tmp/dbus-96ZHYcti51,guid=e8cee510ac625e3cdaf469d068f38ec2
XDG_DATA_DIRS=/home/EDA/.local/share/flatpak/exports/share/:/var/lib/flatpak/exports/share/:/usr/local/share/:/usr/share/
LESSOPEN=||/usr/bin/lesspipe.sh %s
SCL_HOME=/opt/synopsys/scl_2021.03/2021.03
SHLIB_PATH=/opt/ansys/RedHawk_Linux64e7_V2021R2.3/lib:/opt/ansys/RedHawk_Linux64e7_V2021R2.3/lib
sysc_uni_pwd=/home/EDA/work/IEEE802_3_CZ/Hardware/RS_Decoder/pre_sim
WINDOWPATH=1
DISPLAY=:0
XDG_RUNTIME_DIR=/run/user/1000
VCS_ARCH=linux64
QT_PLUGIN_PATH=/usr/lib64/kde4/plugins:/usr/lib/kde4/plugins
TOOL_HOME=/opt/synopsys/vcs_2022.06/T-2022.06/linux64
XDG_CURRENT_DESKTOP=GNOME-Classic:GNOME
COLORTERM=truecolor
XAUTHORITY=/run/gdm/auth-for-EDA-H2ocQm/database
_=./simv
OLDPWD=/home/EDA/work/IEEE802_3_CZ/Hardware/RS_Decoder/pre_sim/simv.daidir/debug_dump/fsearch
VCS_PATHMAP_PRELOAD_DONE=1
VCS_EXEC_DONE=1
DVE=/opt/synopsys/vcs_2022.06/T-2022.06/gui/dve
SPECMAN_OUTPUT_TO_TTY=1
FLEXLM_BORROWFILE=/home/EDA/.EDA2035-borrow.txt
Runtime command line arguments:
argv[0]=simv
argv[1]=+v2k
argv[2]=+notimingcheck
argv[3]=+nospecify
argv[4]=+vcs+flush+all
argv[5]=+lint=TFIPC-L
argv[6]=-a
argv[7]=compile.log
argv[8]=+fsdb+autoflush+plusargs
argv[9]=-a
argv[10]=run.log
302 profile - 100
          CPU/Mem usage: 0.060 sys,  0.290 user,  443.78M mem
303 Elapsed time:    0:00:10    Sat Oct 18 21:17:05 2025
304 User CPU time used: 0 seconds
305 System CPU time used: 0 seconds
306 pliAppInit
307 [SC]Init: MemoryConsumed=0.00MB ElapsedTime=0hour 0min. 0sec.
308 FSDB_GATE is set.
309 FSDB_RTL is set.
310 FSDB_ALIAS_ARRAY_ELEM is set to 4294967295.
311 Enable Parallel Dumping.
312 pliAppMiscSet: New Sim Round
313 pliEntryInit
314 LIBSSCORE=found /opt/synopsys/verdi_2022.06/T-2022.06/share/PLI/lib/LINUXAMD64/libsscore_vcs202206.so through $NOVAS_HOME setting.
315 FSDB Dumper for VCS, Release Verdi_T-2022.06, Linux x86_64/64bit, 05/29/2022
316 (C) 1996 - 2022 by Synopsys, Inc.
317 sps_call_fsdbDumpfile_main at 0 : ../testbench/tb_rs_544_522_decoder_top.sv(338)
318 argv[0]: (./dump.fsdb)
319 *Verdi* FSDB WARNING: The FSDB file already exists. Overwriting the FSDB file may crash the programs that are using this file.
320 *Verdi* : Create FSDB file './dump.fsdb'
321 [spi_vcs_vd_ppi_create_root]: no upf option
322 compile option from '/home/EDA/work/IEEE802_3_CZ/Hardware/RS_Decoder/pre_sim/simv.daidir/vcs_rebuild'.
323   "vcs '-full64' '-sverilog' '+v2k' '-timescale=1ns/1ns' '-debug_acc+all' '-debug_region+cell+encrypt' '+notimingcheck' '+nospecify' '+vcs+flush+all' '+lint=TFIPC-L' '-o' 'simv' '-l' 'compile.log' '-f' 'rtl_list.f' '-f' 'sim_list.f' '+incdir+../script' '-top' 'tb_rs_544_522_decoder_top' '+delay_mode_path' '-P' '/opt/synopsys/verdi_2022.06/T-2022.06/share/PLI/VCS/LINUX64/novas.tab' '/opt/synopsys/verdi_2022.06/T-2022.06/share/PLI/VCS/LINUX64/pli.a' '-R' '+fsdb+autoflush+plusargs' '-l' 'run.log' 2>&1"
324 DVDI_is_vir_unload_enabled is enable
325 FSDB_VCS_ENABLE_NATIVE_VC is enable
326 sps_call_fsdbDumpvars_vd_main at 0 : ../testbench/tb_rs_544_522_decoder_top.sv(339)
327 argv[0]: (+all)
328 *Verdi* : Begin traversing the scopes, layer (0).
329 *Verdi* : Enable +all dumping.
330 *Verdi* : End of traversing.
331 pliAppHDL_DumpVarComplete traverse var: profile - 
          CPU/Mem usage: 0.290 sys,  0.700 user,  549.31M mem
                   incr: 0.060 sys,  0.410 user,  13.77M mem
                   accu: 0.060 sys,  0.410 user,  13.77M mem
              accu incr: 0.060 sys,  0.410 user,  13.77M mem

          Count usage: 118289 var,  113645 idcode,  9895 callback
                 incr: 118289 var,  113645 idcode,  9895 callback
                 accu: 118289 var,  113645 idcode,  9895 callback
            accu incr: 118289 var,  113645 idcode,  9895 callback
332 Elapsed time:    0:00:10    Sat Oct 18 21:17:05 2025
333 User CPU time used: 0 seconds
334 System CPU time used: 0 seconds
335 pliAppHDL_DumpVarComplete: profile - 
          CPU/Mem usage: 0.290 sys,  0.710 user,  551.12M mem
                   incr: 0.000 sys,  0.010 user,  1.81M mem
                   accu: 0.060 sys,  0.420 user,  15.59M mem
              accu incr: 0.000 sys,  0.010 user,  1.81M mem

          Count usage: 118289 var,  113645 idcode,  9895 callback
                 incr: 0 var,  0 idcode,  0 callback
                 accu: 118289 var,  113645 idcode,  9895 callback
            accu incr: 0 var,  0 idcode,  0 callback
336 Elapsed time:    0:00:10    Sat Oct 18 21:17:05 2025
337 User CPU time used: 0 seconds
338 System CPU time used: 0 seconds
339 sps_call_fsdbDumpMDA_vd_main at 0 : ../testbench/tb_rs_544_522_decoder_top.sv(340)
340 *Verdi* : Begin traversing the MDAs, layer (0).
341 *Verdi* : Enable +mda and +packedmda dumping.
342 *Verdi* : End of traversing the MDAs.
343 pliAppHDL_DumpVarComplete traverse var: profile - 
          CPU/Mem usage: 0.290 sys,  0.720 user,  551.12M mem
                   incr: 0.000 sys,  0.010 user,  0.00M mem
                   accu: 0.000 sys,  0.010 user,  0.00M mem
              accu incr: 0.000 sys,  0.010 user,  0.00M mem

          Count usage: 130598 var,  113645 idcode,  9895 callback
                 incr: 12309 var,  0 idcode,  0 callback
                 accu: 12309 var,  0 idcode,  0 callback
            accu incr: 12309 var,  0 idcode,  0 callback
344 Elapsed time:    0:00:10    Sat Oct 18 21:17:05 2025
345 User CPU time used: 0 seconds
346 System CPU time used: 0 seconds
347 pliAppHDL_DumpVarComplete: profile - 
          CPU/Mem usage: 0.290 sys,  0.720 user,  551.12M mem
                   incr: 0.000 sys,  0.000 user,  0.00M mem
                   accu: 0.000 sys,  0.010 user,  0.00M mem
              accu incr: 0.000 sys,  0.000 user,  0.00M mem

          Count usage: 130598 var,  113645 idcode,  9895 callback
                 incr: 0 var,  0 idcode,  0 callback
                 accu: 12309 var,  0 idcode,  0 callback
            accu incr: 0 var,  0 idcode,  0 callback
348 Elapsed time:    0:00:10    Sat Oct 18 21:17:05 2025
349 User CPU time used: 0 seconds
350 System CPU time used: 0 seconds
351 End of simulation at 870000
352 Memory usage: 576.291 M
353 Maximum resident set size: 187 MB
354 Hard page faults: 0
355 Soft page faults: 29879
356 Elapsed time:    0:00:11    Sat Oct 18 21:17:06 2025
357 User CPU time used: 0 seconds
358 System CPU time used: 0 seconds
359 Begin FSDB profile info:
360 FSDB Writer : bc1(399) bcn(809258) mtf/stf(0/0)
FSDB Writer elapsed time : flush(0.103035) io wait(0.000000) theadpool wait(0.000000)
FSDB Writer cpu time : MT Compression : 0
361 End FSDB profile info
362 FSDB closed. Name: ./dump.fsdb Size: 1043042
363 Parallel profile     - ProducerThread:1 ConsumerThread:1 Buffer:64MB
364                      - BlockUsed:7 Acquire:775705 BufferUsed:11419963
365                      - Flush:4 Expand:0 ProducerWait:0 ConsumerWait:4
366                      - MainProducerTime:1.261118232 TotalConsumerTime:0.062210942
367                      - ElapsedTime:1.005250000
368 Producer   0 profile - BlockUsed:7 Acquire:775705 BufferUsed:11419963
369 Consumer   0 profile - Affinity:-1 CPUTime:0.062210942 LifeTime:0.123263709 (0.50%)
370                      - BlockUsed:7 Acquire:775705 BufferUsed:11419963
371 SimExit
372 Elapsed time:    0:00:11    Sat Oct 18 21:17:06 2025
373 User CPU time used: 1 seconds
374 System CPU time used: 0 seconds
375 Sim process exit
