# corrected codeword (x^543..x^0), w=10
0,0x71
1,0x367
2,0x232
3,0x278
4,0x84
5,0x1e4
6,0x211
7,0xd3
8,0x100
9,0x64
10,0x215
11,0x267
12,0x149
13,0x225
14,0x224
15,0x270
16,0x390
17,0x316
18,0x210
19,0xd2
20,0x63
21,0x35f
22,0x230
23,0xe6
24,0x208
25,0x260
26,0x375
27,0x307
28,0x41
29,0x349
30,0x110
31,0x1fe
32,0x187
33,0x3db
34,0x155
35,0x9b
36,0x397
37,0x31d
38,0x241
39,0xf1
40,0x189
41,0xbd
42,0x341
43,0x155
44,0x163
45,0xa3
46,0x349
47,0x2ed
48,0x156
49,0x9c
50,0x199
51,0x257
52,0x349
53,0x15d
54,0x314
55,0x13a
56,0x50
57,0x1c2
58,0x62
59,0x35e
60,0x371
61,0x173
62,0x168
63,0xa8
64,0x231
65,0x277
66,0x33
67,0x341
68,0x372
69,0x174
70,0x7
71,0x3ef
72,0x138
73,0x21a
74,0x183
75,0xb7
76,0x115
77,0x203
78,0x89
79,0x379
80,0x30
81,0x33e
82,0x278
83,0x116
84,0x257
85,0x101
86,0x71
87,0x1d7
88,0x160
89,0x230
90,0x236
91,0x27c
92,0x3
93,0x323
94,0x46
95,0x1be
96,0x337
97,0x151
98,0x258
99,0x292
100,0x23
101,0x3ff
102,0x388
103,0x314
104,0x316
105,0x13c
106,0x386
107,0x312
108,0x31
109,0x33f
110,0x22
111,0x1d3
112,0x0
113,0x320
114,0x183
115,0x3d7
116,0x358
117,0x166
118,0x157
119,0x22d
120,0x265
121,0x109
122,0x321
123,0x141
124,0x279
125,0x2a7
126,0x339
127,0x2e3
128,0x38
129,0x26
130,0x230
131,0x276
132,0x315
133,0x2cb
134,0x213
135,0xd5
136,0x199
137,0x3e7
138,0x356
139,0x2f4
140,0x145
141,0x3b1
142,0x336
143,0x150
144,0x65
145,0x361
146,0x51
147,0x1c3
148,0x47
149,0x1bf
150,0x146
151,0x222
152,0x149
153,0x1ae
154,0x155
155,0x3bb
156,0x153
157,0x229
158,0x345
159,0x2e9
160,0x262
161,0x106
162,0x384
163,0x180
164,0x383
165,0x17f
166,0x171
167,0x3cb
168,0x140
169,0x8c
170,0x389
171,0x185
172,0x202
173,0xca
174,0x216
175,0xd8
176,0x19
177,0x333
178,0x267
179,0x29b
180,0x283
181,0x11b
182,0x140
183,0x8c
184,0x39
185,0x1b7
186,0x86
187,0x376
188,0x29
189,0x1ad
190,0x37
191,0x1b5
192,0x151
193,0x97
194,0x219
195,0x26b
196,0x221
197,0x26d
198,0x386
199,0x182
200,0x348
201,0x2ec
202,0x276
203,0x114
204,0x4
205,0x4
206,0x101
207,0x1f5
208,0x70
209,0x46
210,0x10
211,0x3f2
212,0x54
213,0x36
214,0x171
215,0xab
216,0x159
217,0x2a3
218,0x92
219,0x1ec
220,0x21
221,0x335
222,0x154
223,0x3ba
224,0x1
225,0x3e9
226,0x84
227,0x374
228,0x347
229,0x2eb
230,0x242
231,0xf2
232,0x140
233,0x12f
234,0x178
235,0x242
236,0x67
237,0x43
238,0x248
239,0x288
240,0x55
241,0x357
242,0x218
243,0x26a
244,0x84
245,0x374
246,0x28
247,0x1ac
248,0x236
249,0x27c
250,0x157
251,0x22d
252,0x152
253,0x98
254,0x183
255,0x247
256,0x38
257,0x29
258,0x63
259,0x1cf
260,0x240
261,0xf0
262,0x246
263,0x286
264,0x125
265,0x20d
266,0x129
267,0x211
268,0x196
269,0xc4
270,0x124
271,0x39c
272,0x340
273,0x154
274,0x268
275,0x10c
276,0x9
277,0x3
278,0x163
279,0xa3
280,0x108
281,0x6c
282,0x24
283,0x338
284,0x11
285,0xb
286,0x173
287,0xad
288,0x212
289,0xd4
290,0x274
291,0x2a2
292,0x210
293,0x262
294,0x333
295,0x14d
296,0x147
297,0x223
298,0x115
299,0x393
300,0x154
301,0x3ba
302,0x135
303,0x3a7
304,0x389
305,0x315
306,0x67
307,0x43
308,0x5
309,0x195
310,0x142
311,0x21e
312,0x64
313,0x40
314,0x165
315,0xa5
316,0x24
317,0x18
318,0x297
319,0x2b9
320,0x112
321,0x390
322,0x70
323,0x46
324,0x2
325,0x192
326,0x145
327,0x221
328,0x100
329,0x384
330,0x28
331,0x1c
332,0x192
333,0xc0
334,0x362
335,0x16a
336,0x84
337,0x54
338,0x299
339,0x12b
340,0x257
341,0x101
342,0x98
343,0x62
344,0x3
345,0x193
346,0x16
347,0x1a0
348,0x337
349,0x151
350,0x8
351,0x328
352,0x322
353,0x142
354,0x261
355,0x295
356,0x90
357,0x5a
358,0x70
359,0x366
360,0x343
361,0x157
362,0x337
363,0x2e1
364,0x39
365,0x347
366,0x384
367,0x180
368,0x246
369,0xf6
370,0x4
371,0x3ec
372,0x257
373,0x291
374,0x203
375,0xcb
376,0x192
377,0x3e0
378,0x222
379,0x26e
380,0x114
381,0x72
382,0x295
383,0x127
384,0x353
385,0x2f1
386,0x141
387,0x21d
388,0x1d6
389,0x1d9
390,0x112
391,0x200
392,0x80
393,0x50
394,0x182
395,0x246
396,0x33
397,0x21
398,0x93
399,0x5d
400,0x328
401,0x2d8
402,0x333
403,0x14d
404,0x355
405,0x2f3
406,0x164
407,0x234
408,0x302
409,0x2be
410,0x58
411,0x3a
412,0x28
413,0x1c
414,0x137
415,0x219
416,0x322
417,0x142
418,0x301
419,0x2bd
420,0x5
421,0x5
422,0x94
423,0x37e
424,0x71
425,0x1d7
426,0x217
427,0xd9
428,0x20
429,0x334
430,0x109
431,0x6d
432,0x246
433,0xf6
434,0x275
435,0x113
436,0x21
437,0x15
438,0x178
439,0x3d2
440,0x93
441,0x5d
442,0x9
443,0x199
444,0x397
445,0x18d
446,0x63
447,0x35f
448,0x99
449,0x248
450,0x124
451,0x39c
452,0x159
453,0x3bf
454,0x39
455,0x1b7
456,0x71
457,0x1d7
458,0x207
459,0x25f
460,0x154
461,0x22a
462,0x344
463,0x158
464,0x12
465,0x19c
466,0x376
467,0x178
468,0x399
469,0x18f
470,0x398
471,0x18e
472,0x238
473,0x27e
474,0x309
475,0x2c5
476,0x304
477,0x2c0
478,0x345
479,0x159
480,0x58
481,0x1ca
482,0x260
483,0x104
484,0x95
485,0x37f
486,0x293
487,0x125
488,0x238
489,0x27e
490,0x371
491,0x303
492,0x309
493,0x135
494,0x296
495,0x2b8
496,0x380
497,0x17c
498,0x16
499,0x1a0
500,0x6
501,0x326
502,0x57
503,0x359
504,0x235
505,0x27b
506,0x85
507,0x375
508,0x84
509,0x54
510,0x0
511,0x3e8
512,0x181
513,0x245
514,0x220
515,0x26c
516,0x283
517,0x2ab
518,0x166
519,0xa6
520,0x191
521,0x24f
522,0x104
523,0x388
524,0x167
525,0xa7
526,0x219
527,0xdb
528,0x55
529,0x1c7
530,0x5
531,0x3ed
532,0x23
533,0x17
534,0x177
535,0x3d1
536,0x332
537,0x2dc
538,0x108
539,0x38c
540,0x154
541,0x3ba
542,0x166
543,0xa6
