sigma_dut (low-first):
  [0] = 711 (0x2c7)
  [1] = 805 (0x325)
  [2] = 966 (0x3c6)
  [3] = 204 (0xcc)
  [4] = 970 (0x3ca)
  [5] = 924 (0x39c)
  [6] = 239 (0xef)
  [7] = 496 (0x1f0)
  [8] = 828 (0x33c)
  [9] = 409 (0x199)
  [10] = 542 (0x21e)
  [11] = 665 (0x299)
v_dut (low-first, t terms):
  [0] = 472 (0x1d8)
  [1] = 202 (0xca)
  [2] = 794 (0x31a)
  [3] = 229 (0xe5)
  [4] = 71 (0x47)
  [5] = 156 (0x9c)
  [6] = 436 (0x1b4)
  [7] = 269 (0x10d)
  [8] = 120 (0x78)
  [9] = 466 (0x1d2)
  [10] = 903 (0x387)
