sigma_ref (low-first):
  [0] = 271 (0x10f)
  [1] = 1003 (0x3eb)
  [2] = 653 (0x28d)
  [3] = 649 (0x289)
  [4] = 390 (0x186)
  [5] = 211 (0xd3)
  [6] = 465 (0x1d1)
  [7] = 426 (0x1aa)
  [8] = 429 (0x1ad)
  [9] = 599 (0x257)
  [10] = 596 (0x254)
  [11] = 472 (0x1d8)
v_ref (low-first, t terms):
  [0] = 408 (0x198)
  [1] = 306 (0x132)
  [2] = 366 (0x16e)
  [3] = 831 (0x33f)
  [4] = 446 (0x1be)
  [5] = 203 (0xcb)
  [6] = 304 (0x130)
  [7] = 258 (0x102)
  [8] = 305 (0x131)
  [9] = 223 (0xdf)
  [10] = 479 (0x1df)
