Compare σ (low-first):
[OK ] sigma[0] dut=156(0x9c) == ref=156(0x9c)
[OK ] sigma[1] dut=295(0x127) == ref=295(0x127)
[OK ] sigma[2] dut=457(0x1c9) == ref=457(0x1c9)
[OK ] sigma[3] dut=95(0x5f) == ref=95(0x5f)
[OK ] sigma[4] dut=783(0x30f) == ref=783(0x30f)
[OK ] sigma[5] dut=31(0x1f) == ref=31(0x1f)
[OK ] sigma[6] dut=608(0x260) == ref=608(0x260)
[OK ] sigma[7] dut=714(0x2ca) == ref=714(0x2ca)
[OK ] sigma[8] dut=863(0x35f) == ref=863(0x35f)
[OK ] sigma[9] dut=290(0x122) == ref=290(0x122)
[OK ] sigma[10] dut=713(0x2c9) == ref=713(0x2c9)
[OK ] sigma[11] dut=960(0x3c0) == ref=960(0x3c0)

Compare v (low-first, t terms):
[OK ] v[0] dut=43(0x2b) == ref=43(0x2b)
[OK ] v[1] dut=498(0x1f2) == ref=498(0x1f2)
[OK ] v[2] dut=620(0x26c) == ref=620(0x26c)
[OK ] v[3] dut=919(0x397) == ref=919(0x397)
[OK ] v[4] dut=746(0x2ea) == ref=746(0x2ea)
[OK ] v[5] dut=380(0x17c) == ref=380(0x17c)
[OK ] v[6] dut=818(0x332) == ref=818(0x332)
[OK ] v[7] dut=114(0x72) == ref=114(0x72)
[OK ] v[8] dut=944(0x3b0) == ref=944(0x3b0)
[OK ] v[9] dut=95(0x5f) == ref=95(0x5f)
[OK ] v[10] dut=259(0x103) == ref=259(0x103)

[PASS] DUT matches REF (sigma & v)
