Compare σ (low-first):
[OK ] sigma[0] dut=461(0x1cd) == ref=461(0x1cd)
[OK ] sigma[1] dut=5(0x5) == ref=5(0x5)
[OK ] sigma[2] dut=224(0xe0) == ref=224(0xe0)
[OK ] sigma[3] dut=938(0x3aa) == ref=938(0x3aa)
[OK ] sigma[4] dut=65(0x41) == ref=65(0x41)
[OK ] sigma[5] dut=302(0x12e) == ref=302(0x12e)
[OK ] sigma[6] dut=0(0x0) == ref=0(0x0)
[OK ] sigma[7] dut=0(0x0) == ref=0(0x0)
[OK ] sigma[8] dut=0(0x0) == ref=0(0x0)
[OK ] sigma[9] dut=0(0x0) == ref=0(0x0)
[OK ] sigma[10] dut=0(0x0) == ref=0(0x0)
[OK ] sigma[11] dut=0(0x0) == ref=0(0x0)

Compare v (low-first, t terms):
[OK ] v[0] dut=19(0x13) == ref=19(0x13)
[OK ] v[1] dut=283(0x11b) == ref=283(0x11b)
[OK ] v[2] dut=609(0x261) == ref=609(0x261)
[OK ] v[3] dut=378(0x17a) == ref=378(0x17a)
[OK ] v[4] dut=965(0x3c5) == ref=965(0x3c5)
[OK ] v[5] dut=0(0x0) == ref=0(0x0)
[OK ] v[6] dut=0(0x0) == ref=0(0x0)
[OK ] v[7] dut=0(0x0) == ref=0(0x0)
[OK ] v[8] dut=0(0x0) == ref=0(0x0)
[OK ] v[9] dut=0(0x0) == ref=0(0x0)
[OK ] v[10] dut=0(0x0) == ref=0(0x0)

[PASS] DUT matches REF (sigma & v)
