Compare σ (low-first):
[OK ] sigma[0] dut=669(0x29d) == ref=669(0x29d)
[OK ] sigma[1] dut=579(0x243) == ref=579(0x243)
[OK ] sigma[2] dut=228(0xe4) == ref=228(0xe4)
[OK ] sigma[3] dut=356(0x164) == ref=356(0x164)
[OK ] sigma[4] dut=256(0x100) == ref=256(0x100)
[OK ] sigma[5] dut=794(0x31a) == ref=794(0x31a)
[OK ] sigma[6] dut=351(0x15f) == ref=351(0x15f)
[OK ] sigma[7] dut=0(0x0) == ref=0(0x0)
[OK ] sigma[8] dut=0(0x0) == ref=0(0x0)
[OK ] sigma[9] dut=0(0x0) == ref=0(0x0)
[OK ] sigma[10] dut=0(0x0) == ref=0(0x0)
[OK ] sigma[11] dut=0(0x0) == ref=0(0x0)

Compare v (low-first, t terms):
[OK ] v[0] dut=253(0xfd) == ref=253(0xfd)
[OK ] v[1] dut=797(0x31d) == ref=797(0x31d)
[OK ] v[2] dut=229(0xe5) == ref=229(0xe5)
[OK ] v[3] dut=328(0x148) == ref=328(0x148)
[OK ] v[4] dut=524(0x20c) == ref=524(0x20c)
[OK ] v[5] dut=13(0xd) == ref=13(0xd)
[OK ] v[6] dut=0(0x0) == ref=0(0x0)
[OK ] v[7] dut=0(0x0) == ref=0(0x0)
[OK ] v[8] dut=0(0x0) == ref=0(0x0)
[OK ] v[9] dut=0(0x0) == ref=0(0x0)
[OK ] v[10] dut=0(0x0) == ref=0(0x0)

[PASS] DUT matches REF (sigma & v)
